<?xml version="1.0" encoding="UTF-8" ?>
<testsuite errors="0" failures="0" hostname="Yifeis-MacBook-Pro.local" name="org.jsoup.parser.HtmlParserTest" skipped="0" tests="132" time="0.652" timestamp="2023-09-01T17:33:14">
  <properties>
    <property name="awt.toolkit" value="sun.lwawt.macosx.LWCToolkit" />
    <property name="ant.library.dir" value="/Applications/miniconda3/lib" />
    <property name="env.TERM" value="xterm-256color" />
    <property name="java.specification.version" value="11" />
    <property name="ant.project.name" value="jsoup" />
    <property name="sun.cpu.isalist" value="" />
    <property name="sun.jnu.encoding" value="UTF-8" />
    <property name="env.VSCODE_INJECTION" value="1" />
    <property name="sun.arch.data.model" value="64" />
    <property name="debuglevel" value="source,lines,vars" />
    <property name="java.vendor.url" value="http://www.azul.com/" />
    <property name="env.USER_ZDOTDIR" value="/Users/yifeikang" />
    <property name="env._CE_CONDA" value="" />
    <property name="sun.boot.library.path" value="/Applications/miniconda3/lib/jvm/lib" />
    <property name="sun.java.command" value="org.apache.tools.ant.taskdefs.optional.junit.JUnitTestRunner org.jsoup.parser.HtmlParserTest skipNonTests=false filtertrace=true haltOnError=false haltOnFailure=false formatter=org.apache.tools.ant.taskdefs.optional.junit.OutErrSummaryJUnitResultFormatter showoutput=false outputtoformatters=true logfailedtests=true threadid=0 logtestlistenerevents=false formatter=org.apache.tools.ant.taskdefs.optional.junit.XMLJUnitResultFormatter,/Users/yifeikang/Documents/CS427/jsoup/ant-target/reports/TEST-org.jsoup.parser.HtmlParserTest.xml crashfile=/Users/yifeikang/Documents/CS427/jsoup/junitvmwatcher2091556331451900204.properties propsfile=/Users/yifeikang/Documents/CS427/jsoup/junit4277222475696419040.properties" />
    <property name="jdk.debug" value="release" />
    <property name="env.VSCODE_GIT_ASKPASS_MAIN" value="/Applications/Visual Studio Code.app/Contents/Resources/app/extensions/git/dist/askpass-main.js" />
    <property name="java.specification.vendor" value="Oracle Corporation" />
    <property name="java.version.date" value="2022-04-19" />
    <property name="env.JAVA_HOME" value="/Applications/miniconda3/lib/jvm" />
    <property name="java.home" value="/Applications/miniconda3/lib/jvm" />
    <property name="env.CONDA_PREFIX" value="/Applications/miniconda3" />
    <property name="basedir" value="/Users/yifeikang/Documents/CS427/jsoup" />
    <property name="file.separator" value="/" />
    <property name="java.vm.compressedOopsMode" value="Zero based" />
    <property name="env.GIT_ASKPASS" value="/Applications/Visual Studio Code.app/Contents/Resources/app/extensions/git/dist/askpass.sh" />
    <property name="line.separator" value="&#xa;" />
    <property name="java.vm.specification.vendor" value="Oracle Corporation" />
    <property name="jdk.vendor.version" value="Zulu11.56+19-CA" />
    <property name="java.specification.name" value="Java Platform API Specification" />
    <property name="env.ZDOTDIR" value="/Users/yifeikang" />
    <property name="sun.management.compiler" value="HotSpot 64-Bit Tiered Compilers" />
    <property name="java.runtime.version" value="11.0.15+10-LTS" />
    <property name="env.TERM_PROGRAM_VERSION" value="1.81.1" />
    <property name="user.name" value="yifeikang" />
    <property name="env.PATH" value="/Library/Frameworks/Python.framework/Versions/3.9/bin:/usr/local/bin:/System/Cryptexes/App/usr/bin:/usr/bin:/bin:/usr/sbin:/sbin:/opt/X11/bin:/Library/Apple/usr/bin:/var/run/com.apple.security.cryptexd/codex.system/bootstrap/usr/local/bin:/var/run/com.apple.security.cryptexd/codex.system/bootstrap/usr/bin:/var/run/com.apple.security.cryptexd/codex.system/bootstrap/usr/appleinternal/bin:/Applications/miniconda3/bin:/Applications/miniconda3/condabin:/Library/Frameworks/Python.framework/Versions/3.9/bin" />
    <property name="env.ORIGINAL_XDG_CURRENT_DESKTOP" value="undefined" />
    <property name="env.XPC_FLAGS" value="0x0" />
    <property name="env.LOGNAME" value="yifeikang" />
    <property name="env.__CF_USER_TEXT_ENCODING" value="0x1F5:0x0:0x0" />
    <property name="env.__CFBundleIdentifier" value="com.microsoft.VSCode" />
    <property name="file.encoding" value="UTF-8" />
    <property name="java.vendor.version" value="Zulu11.56+19-CA" />
    <property name="env.SHLVL" value="1" />
    <property name="java.io.tmpdir" value="/var/folders/49/4nvxh5310kgbmbcj24mz13vr0000gn/T/" />
    <property name="env.JAVA_LD_LIBRARY_PATH_BACKUP" value="" />
    <property name="java.version" value="11.0.15" />
    <property name="env.CONDA_DEFAULT_ENV" value="base" />
    <property name="env.SSH_AUTH_SOCK" value="/private/tmp/com.apple.launchd.dkO2DkQn8A/Listeners" />
    <property name="env.JAVA_HOME_CONDA_BACKUP" value="" />
    <property name="env.CONDA_PYTHON_EXE" value="/Applications/miniconda3/bin/python" />
    <property name="java.vm.specification.name" value="Java Virtual Machine Specification" />
    <property name="java.awt.printerjob" value="sun.lwawt.macosx.CPrinterJob" />
    <property name="ant.home" value="/Applications/miniconda3" />
    <property name="sun.os.patch.level" value="unknown" />
    <property name="junit.output.dir" value="ant-target/reports" />
    <property name="ant.version" value="Apache Ant(TM) version 1.10.14 compiled on August 20 2023" />
    <property name="java.library.path" value="/Users/yifeikang/Library/Java/Extensions:/Library/Java/Extensions:/Network/Library/Java/Extensions:/System/Library/Java/Extensions:/usr/lib/java:." />
    <property name="env.TMPDIR" value="/var/folders/49/4nvxh5310kgbmbcj24mz13vr0000gn/T/" />
    <property name="java.vendor" value="Azul Systems, Inc." />
    <property name="ant.file.jsoup" value="/Users/yifeikang/Documents/CS427/jsoup/build.xml" />
    <property name="sun.io.unicode.encoding" value="UnicodeBig" />
    <property name="env.TERM_PROGRAM" value="vscode" />
    <property name="socksNonProxyHosts" value="local|*.local|169.254/16|*.169.254/16" />
    <property name="gopherProxySet" value="false" />
    <property name="ant.file.type" value="file" />
    <property name="env.PWD" value="/Users/yifeikang/Documents/CS427/jsoup" />
    <property name="env.LANG" value="en_US.UTF-8" />
    <property name="java.class.path" value="/Users/yifeikang/Documents/CS427/jsoup/ant-target/test-classes:/Users/yifeikang/Documents/CS427/jsoup/ant-target/classes:/Users/yifeikang/Documents/CS427/jsoup/ant-libs/gson-2.7.jar:/Users/yifeikang/Documents/CS427/jsoup/ant-libs/hamcrest-core-1.3.jar:/Users/yifeikang/Documents/CS427/jsoup/ant-libs/javax.servlet-api-3.1.0.jar:/Users/yifeikang/Documents/CS427/jsoup/ant-libs/jetty-http-9.2.28.v20190418.jar:/Users/yifeikang/Documents/CS427/jsoup/ant-libs/jetty-io-9.2.28.v20190418.jar:/Users/yifeikang/Documents/CS427/jsoup/ant-libs/jetty-security-9.2.28.v20190418.jar:/Users/yifeikang/Documents/CS427/jsoup/ant-libs/jetty-server-9.2.28.v20190418.jar:/Users/yifeikang/Documents/CS427/jsoup/ant-libs/jetty-servlet-9.2.28.v20190418.jar:/Users/yifeikang/Documents/CS427/jsoup/ant-libs/jetty-util-9.2.28.v20190418.jar:/Users/yifeikang/Documents/CS427/jsoup/ant-libs/junit-4.12.jar:/Applications/miniconda3/lib/ant-launcher.jar:/Applications/miniconda3/lib/ant.jar:/Applications/miniconda3/lib/ant-junit.jar:/Applications/miniconda3/lib/ant-junit4.jar" />
    <property name="env.HOME" value="/Users/yifeikang" />
    <property name="source" value="1.8" />
    <property name="env.COMMAND_MODE" value="unix2003" />
    <property name="java.vm.vendor" value="Azul Systems, Inc." />
    <property name="env.CONDA_SHLVL" value="1" />
    <property name="ant.file.type.jsoup" value="file" />
    <property name="user.timezone" value="" />
    <property name="os.name" value="Mac OS X" />
    <property name="java.vm.specification.version" value="11" />
    <property name="env.DISPLAY" value="/private/tmp/com.apple.launchd.ij6DAyiNk3/org.xquartz:0" />
    <property name="sun.java.launcher" value="SUN_STANDARD" />
    <property name="user.country" value="US" />
    <property name="http.nonProxyHosts" value="local|*.local|169.254/16|*.169.254/16" />
    <property name="sun.cpu.endian" value="little" />
    <property name="user.home" value="/Users/yifeikang" />
    <property name="env.XML_CATALOG_FILES" value="file:///Applications/miniconda3/etc/xml/catalog file:///etc/xml/catalog" />
    <property name="user.language" value="en" />
    <property name="env.CONDA_EXE" value="/Applications/miniconda3/bin/conda" />
    <property name="env.VSCODE_GIT_IPC_HANDLE" value="/var/folders/49/4nvxh5310kgbmbcj24mz13vr0000gn/T/vscode-git-5cc81c4328.sock" />
    <property name="env.COLORTERM" value="truecolor" />
    <property name="ant.java.version" value="11" />
    <property name="java.awt.graphicsenv" value="sun.awt.CGraphicsEnvironment" />
    <property name="env.ANT_HOME" value="/Applications/miniconda3" />
    <property name="env.XPC_SERVICE_NAME" value="0" />
    <property name="env.ANT_HOME_CONDA_BACKUP" value="" />
    <property name="ftp.nonProxyHosts" value="local|*.local|169.254/16|*.169.254/16" />
    <property name="env.VSCODE_GIT_ASKPASS_EXTRA_ARGS" value="--ms-enable-electron-run-as-node" />
    <property name="ant.file" value="/Users/yifeikang/Documents/CS427/jsoup/build.xml" />
    <property name="path.separator" value=":" />
    <property name="env.JAVA_MAIN_CLASS_43488" value="org.apache.tools.ant.launch.Launcher" />
    <property name="os.version" value="13.5" />
    <property name="java.runtime.name" value="OpenJDK Runtime Environment" />
    <property name="ant.project.invoked-targets" value="test" />
    <property name="env.CONDA_PROMPT_MODIFIER" value="(base) " />
    <property name="java.vm.name" value="OpenJDK 64-Bit Server VM" />
    <property name="env.SHELL" value="/bin/zsh" />
    <property name="ant.core.lib" value="/Applications/miniconda3/lib/ant.jar" />
    <property name="java.vendor.url.bug" value="http://www.azul.com/support/" />
    <property name="user.dir" value="/Users/yifeikang/Documents/CS427/jsoup" />
    <property name="os.arch" value="x86_64" />
    <property name="env.MallocNanoZone" value="0" />
    <property name="target" value="1.8" />
    <property name="env.VSCODE_GIT_ASKPASS_NODE" value="/Applications/Visual Studio Code.app/Contents/Frameworks/Code Helper (Plugin).app/Contents/MacOS/Code Helper (Plugin)" />
    <property name="java.vm.info" value="mixed mode" />
    <property name="java.vm.version" value="11.0.15+10-LTS" />
    <property name="env.JAVA_LD_LIBRARY_PATH" value="/Applications/miniconda3/lib/jvm/lib/server" />
    <property name="env._CE_M" value="" />
    <property name="java.class.version" value="55.0" />
    <property name="env.USER" value="yifeikang" />
    <property name="ant.project.default-target" value="build" />
  </properties>
  <testcase classname="org.jsoup.parser.HtmlParserTest" name="preservedCaseLinksCantNest" time="0.056" />
  <testcase classname="org.jsoup.parser.HtmlParserTest" name="normalisesHeadlessBody" time="0.001" />
  <testcase classname="org.jsoup.parser.HtmlParserTest" name="parsesUnterminatedOption" time="0.004" />
  <testcase classname="org.jsoup.parser.HtmlParserTest" name="handlesProtocolRelativeUrl" time="0.002" />
  <testcase classname="org.jsoup.parser.HtmlParserTest" name="dropsUnterminatedTag" time="0.0" />
  <testcase classname="org.jsoup.parser.HtmlParserTest" name="canPreserveAttributeCase" time="0.001" />
  <testcase classname="org.jsoup.parser.HtmlParserTest" name="handlesNullInComments" time="0.001" />
  <testcase classname="org.jsoup.parser.HtmlParserTest" name="handlesTextAfterData" time="0.001" />
  <testcase classname="org.jsoup.parser.HtmlParserTest" name="dropsUnterminatedAttribute" time="0.0" />
  <testcase classname="org.jsoup.parser.HtmlParserTest" name="testNormalisesIsIndex" time="0.002" />
  <testcase classname="org.jsoup.parser.HtmlParserTest" name="noTableDirectInTable" time="0.002" />
  <testcase classname="org.jsoup.parser.HtmlParserTest" name="testSupportsPartiallyNonAsciiTags" time="0.0" />
  <testcase classname="org.jsoup.parser.HtmlParserTest" name="testSpaceAfterTag" time="0.0" />
  <testcase classname="org.jsoup.parser.HtmlParserTest" name="handlesXmlDeclarationAsBogusComment" time="0.001" />
  <testcase classname="org.jsoup.parser.HtmlParserTest" name="normalisesDocument" time="0.001" />
  <testcase classname="org.jsoup.parser.HtmlParserTest" name="createsStructureFromBodySnippet" time="0.0" />
  <testcase classname="org.jsoup.parser.HtmlParserTest" name="retainsAttributesOfDifferentCaseIfSensitive" time="0.001" />
  <testcase classname="org.jsoup.parser.HtmlParserTest" name="canPreserveTagCase" time="0.001" />
  <testcase classname="org.jsoup.parser.HtmlParserTest" name="preservesSpaceInScript" time="0.001" />
  <testcase classname="org.jsoup.parser.HtmlParserTest" name="handlesXmlDeclAndCommentsBeforeDoctype" time="0.006" />
  <testcase classname="org.jsoup.parser.HtmlParserTest" name="testHtmlLowerCase" time="0.0" />
  <testcase classname="org.jsoup.parser.HtmlParserTest" name="handlesDeepStack" time="0.27" />
  <testcase classname="org.jsoup.parser.HtmlParserTest" name="parsesSimpleDocument" time="0.001" />
  <testcase classname="org.jsoup.parser.HtmlParserTest" name="doesNotCreateImplicitLists" time="0.001" />
  <testcase classname="org.jsoup.parser.HtmlParserTest" name="parsesUnterminatedTextarea" time="0.0" />
  <testcase classname="org.jsoup.parser.HtmlParserTest" name="testSupportsNonAsciiTags" time="0.004" />
  <testcase classname="org.jsoup.parser.HtmlParserTest" name="dropsDuplicateAttributes" time="0.001" />
  <testcase classname="org.jsoup.parser.HtmlParserTest" name="handlesWhatWgExpensesTableExample" time="0.001" />
  <testcase classname="org.jsoup.parser.HtmlParserTest" name="handlesImplicitCaptionClose" time="0.0" />
  <testcase classname="org.jsoup.parser.HtmlParserTest" name="handlesQuotesInCommentsInScripts" time="0.001" />
  <testcase classname="org.jsoup.parser.HtmlParserTest" name="handlesInputInTable" time="0.001" />
  <testcase classname="org.jsoup.parser.HtmlParserTest" name="handlesInvalidStartTags" time="0.0" />
  <testcase classname="org.jsoup.parser.HtmlParserTest" name="handlesEscapedData" time="0.0" />
  <testcase classname="org.jsoup.parser.HtmlParserTest" name="fallbackToUtfIfCantEncode" time="0.022" />
  <testcase classname="org.jsoup.parser.HtmlParserTest" name="reconstructFormattingElements" time="0.001" />
  <testcase classname="org.jsoup.parser.HtmlParserTest" name="createsDocumentStructure" time="0.0" />
  <testcase classname="org.jsoup.parser.HtmlParserTest" name="handlesCdataInScript" time="0.0" />
  <testcase classname="org.jsoup.parser.HtmlParserTest" name="handlesUnclosedTitle" time="0.001" />
  <testcase classname="org.jsoup.parser.HtmlParserTest" name="caseInsensitiveParseTree" time="0.0" />
  <testcase classname="org.jsoup.parser.HtmlParserTest" name="handleNullContextInParseFragment" time="0.0" />
  <testcase classname="org.jsoup.parser.HtmlParserTest" name="parsesUnterminatedComments" time="0.0" />
  <testcase classname="org.jsoup.parser.HtmlParserTest" name="emptyTdTag" time="0.0" />
  <testcase classname="org.jsoup.parser.HtmlParserTest" name="caseSensitiveParseTree" time="0.001" />
  <testcase classname="org.jsoup.parser.HtmlParserTest" name="testFragment" time="0.001" />
  <testcase classname="org.jsoup.parser.HtmlParserTest" name="handlesUnclosedScriptAtEof" time="0.002" />
  <testcase classname="org.jsoup.parser.HtmlParserTest" name="handlesNewlinesAndWhitespaceInTag" time="0.0" />
  <testcase classname="org.jsoup.parser.HtmlParserTest" name="handlesDataOnlyTags" time="0.0" />
  <testcase classname="org.jsoup.parser.HtmlParserTest" name="normalizesDiscordantTags" time="0.001" />
  <testcase classname="org.jsoup.parser.HtmlParserTest" name="handlesCdataAcrossBuffer" time="0.002" />
  <testcase classname="org.jsoup.parser.HtmlParserTest" name="noImplicitFormForTextAreas" time="0.0" />
  <testcase classname="org.jsoup.parser.HtmlParserTest" name="commentBeforeHtml" time="0.0" />
  <testcase classname="org.jsoup.parser.HtmlParserTest" name="handlesUnclosedCdataAtEOF" time="0.0" />
  <testcase classname="org.jsoup.parser.HtmlParserTest" name="handlesCdata" time="0.0" />
  <testcase classname="org.jsoup.parser.HtmlParserTest" name="handlesKnownEmptyBlocks" time="0.001" />
  <testcase classname="org.jsoup.parser.HtmlParserTest" name="createsFormElements" time="0.001" />
  <testcase classname="org.jsoup.parser.HtmlParserTest" name="noErrorsByDefault" time="0.0" />
  <testcase classname="org.jsoup.parser.HtmlParserTest" name="testHeaderContents" time="0.001" />
  <testcase classname="org.jsoup.parser.HtmlParserTest" name="testRelaxedTags" time="0.001" />
  <testcase classname="org.jsoup.parser.HtmlParserTest" name="handlesKnownEmptyStyle" time="0.0" />
  <testcase classname="org.jsoup.parser.HtmlParserTest" name="handlesKnownEmptyTitle" time="0.0" />
  <testcase classname="org.jsoup.parser.HtmlParserTest" name="preservesSpaceInTextArea" time="0.0" />
  <testcase classname="org.jsoup.parser.HtmlParserTest" name="handlesUnexpectedMarkupInTables" time="0.001" />
  <testcase classname="org.jsoup.parser.HtmlParserTest" name="handlesKnownEmptyIframe" time="0.0" />
  <testcase classname="org.jsoup.parser.HtmlParserTest" name="characterReaderBuffer" time="0.003" />
  <testcase classname="org.jsoup.parser.HtmlParserTest" name="testTemplateInsideTable" time="0.002" />
  <testcase classname="org.jsoup.parser.HtmlParserTest" name="cdataNodesAreTextNodes" time="0.0" />
  <testcase classname="org.jsoup.parser.HtmlParserTest" name="ignoresContentAfterFrameset" time="0.0" />
  <testcase classname="org.jsoup.parser.HtmlParserTest" name="handlesBaseTags" time="0.001" />
  <testcase classname="org.jsoup.parser.HtmlParserTest" name="testSpanContents" time="0.001" />
  <testcase classname="org.jsoup.parser.HtmlParserTest" name="handles0CharacterAsText" time="0.0" />
  <testcase classname="org.jsoup.parser.HtmlParserTest" name="handlesFrames" time="0.001" />
  <testcase classname="org.jsoup.parser.HtmlParserTest" name="handlesJavadocFont" time="0.0" />
  <testcase classname="org.jsoup.parser.HtmlParserTest" name="testReinsertionModeForThCelss" time="0.001" />
  <testcase classname="org.jsoup.parser.HtmlParserTest" name="handlesControlCodeInAttributeName" time="0.0" />
  <testcase classname="org.jsoup.parser.HtmlParserTest" name="handlesInvalidDoctypes" time="0.0" />
  <testcase classname="org.jsoup.parser.HtmlParserTest" name="handlesTagsInTextarea" time="0.001" />
  <testcase classname="org.jsoup.parser.HtmlParserTest" name="handlesCommentsInTable" time="0.0" />
  <testcase classname="org.jsoup.parser.HtmlParserTest" name="handlesEscapedScript" time="0.0" />
  <testcase classname="org.jsoup.parser.HtmlParserTest" name="testInvalidTableContents" time="0.001" />
  <testcase classname="org.jsoup.parser.HtmlParserTest" name="handlesUnknownTags" time="0.0" />
  <testcase classname="org.jsoup.parser.HtmlParserTest" name="ignoresDupeEndTrTag" time="0.001" />
  <testcase classname="org.jsoup.parser.HtmlParserTest" name="associatedFormControlsWithDisjointForms" time="0.0" />
  <testcase classname="org.jsoup.parser.HtmlParserTest" name="handlesTbodyTable" time="0.0" />
  <testcase classname="org.jsoup.parser.HtmlParserTest" name="normalisedBodyAfterContent" time="0.001" />
  <testcase classname="org.jsoup.parser.HtmlParserTest" name="handlesSpanInTbody" time="0.0" />
  <testcase classname="org.jsoup.parser.HtmlParserTest" name="handlesUnclosedTitleAtEof" time="0.001" />
  <testcase classname="org.jsoup.parser.HtmlParserTest" name="handlesSolidusAtAttributeEnd" time="0.0" />
  <testcase classname="org.jsoup.parser.HtmlParserTest" name="handlesUnknownNamespaceTags" time="0.0" />
  <testcase classname="org.jsoup.parser.HtmlParserTest" name="handlesKnownEmptyNoFrames" time="0.001" />
  <testcase classname="org.jsoup.parser.HtmlParserTest" name="roundTripsCdata" time="0.0" />
  <testcase classname="org.jsoup.parser.HtmlParserTest" name="handlesManyChildren" time="0.046" />
  <testcase classname="org.jsoup.parser.HtmlParserTest" name="handlesTextArea" time="0.001" />
  <testcase classname="org.jsoup.parser.HtmlParserTest" name="convertsImageToImg" time="0.0" />
  <testcase classname="org.jsoup.parser.HtmlParserTest" name="preSkipsFirstNewline" time="0.001" />
  <testcase classname="org.jsoup.parser.HtmlParserTest" name="commentAtEnd" time="0.0" />
  <testcase classname="org.jsoup.parser.HtmlParserTest" name="selfClosingOnNonvoidIsError" time="0.005" />
  <testcase classname="org.jsoup.parser.HtmlParserTest" name="handlesNestedImplicitTable" time="0.001" />
  <testcase classname="org.jsoup.parser.HtmlParserTest" name="parsesRoughAttributes" time="0.001" />
  <testcase classname="org.jsoup.parser.HtmlParserTest" name="testUsingSingleQuotesInQueries" time="0.001" />
  <testcase classname="org.jsoup.parser.HtmlParserTest" name="handlesUnclosedDefinitionLists" time="0.001" />
  <testcase classname="org.jsoup.parser.HtmlParserTest" name="handlesWhitespaceInoDocType" time="0.001" />
  <testcase classname="org.jsoup.parser.HtmlParserTest" name="reconstructFormattingElementsInTable" time="0.0" />
  <testcase classname="org.jsoup.parser.HtmlParserTest" name="selfClosingVoidIsNotAnError" time="0.001" />
  <testcase classname="org.jsoup.parser.HtmlParserTest" name="testNoImagesInNoScriptInHead" time="0.001" />
  <testcase classname="org.jsoup.parser.HtmlParserTest" name="handlesBaseWithoutHref" time="0.0" />
  <testcase classname="org.jsoup.parser.HtmlParserTest" name="handlesUnclosedRawtextAtEof" time="0.0" />
  <testcase classname="org.jsoup.parser.HtmlParserTest" name="tracksLimitedErrorsWhenRequested" time="0.0" />
  <testcase classname="org.jsoup.parser.HtmlParserTest" name="doesNotFindShortestMatchingEntity" time="0.0" />
  <testcase classname="org.jsoup.parser.HtmlParserTest" name="tracksErrorsWhenRequested" time="0.0" />
  <testcase classname="org.jsoup.parser.HtmlParserTest" name="handlesUnclosedAnchors" time="0.0" />
  <testcase classname="org.jsoup.parser.HtmlParserTest" name="parsesBodyFragment" time="0.0" />
  <testcase classname="org.jsoup.parser.HtmlParserTest" name="handlesUnknownInlineTags" time="0.0" />
  <testcase classname="org.jsoup.parser.HtmlParserTest" name="testSelectWithOption" time="0.0" />
  <testcase classname="org.jsoup.parser.HtmlParserTest" name="normalisesEmptyDocument" time="0.0" />
  <testcase classname="org.jsoup.parser.HtmlParserTest" name="relaxedBaseEntityMatchAndStrictExtendedMatch" time="0.002" />
  <testcase classname="org.jsoup.parser.HtmlParserTest" name="handlesUnclosedFormattingElements" time="0.001" />
  <testcase classname="org.jsoup.parser.HtmlParserTest" name="handlesSolidusInA" time="0.001" />
  <testcase classname="org.jsoup.parser.HtmlParserTest" name="testHgroup" time="0.001" />
  <testcase classname="org.jsoup.parser.HtmlParserTest" name="discardsNakedTds" time="0.001" />
  <testcase classname="org.jsoup.parser.HtmlParserTest" name="parsesComments" time="0.0" />
  <testcase classname="org.jsoup.parser.HtmlParserTest" name="testFontFlowContents" time="0.001" />
  <testcase classname="org.jsoup.parser.HtmlParserTest" name="handlesMisnestedTagsBI" time="0.0" />
  <testcase classname="org.jsoup.parser.HtmlParserTest" name="handlesMisnestedTagsBP" time="0.0" />
  <testcase classname="org.jsoup.parser.HtmlParserTest" name="canPreserveBothCase" time="0.001" />
  <testcase classname="org.jsoup.parser.HtmlParserTest" name="testHandlesDeepSpans" time="0.001" />
  <testcase classname="org.jsoup.parser.HtmlParserTest" name="handleCDataInText" time="0.0" />
  <testcase classname="org.jsoup.parser.HtmlParserTest" name="findsCharsetInMalformedMeta" time="0.0" />
  <testcase classname="org.jsoup.parser.HtmlParserTest" name="handlesMultiClosingBody" time="0.0" />
  <testcase classname="org.jsoup.parser.HtmlParserTest" name="handlesBlocksInDefinitions" time="0.0" />
  <testcase classname="org.jsoup.parser.HtmlParserTest" name="testAFlowContents" time="0.0" />
  <testcase classname="org.jsoup.parser.HtmlParserTest" name="handlesNullInData" time="0.0" />
  <testcase classname="org.jsoup.parser.HtmlParserTest" name="parsesQuiteRoughAttributes" time="0.0" />
  <system-out><![CDATA[]]></system-out>
  <system-err><![CDATA[]]></system-err>
</testsuite>
