<?xml version="1.0" encoding="UTF-8" ?>
<testsuite errors="0" failures="0" hostname="Yifeis-MacBook-Pro.local" name="org.jsoup.parser.XmlTreeBuilderTest" skipped="0" tests="23" time="0.201" timestamp="2023-09-01T17:33:19">
  <properties>
    <property name="awt.toolkit" value="sun.lwawt.macosx.LWCToolkit" />
    <property name="ant.library.dir" value="/Applications/miniconda3/lib" />
    <property name="env.TERM" value="xterm-256color" />
    <property name="java.specification.version" value="11" />
    <property name="ant.project.name" value="jsoup" />
    <property name="sun.cpu.isalist" value="" />
    <property name="sun.jnu.encoding" value="UTF-8" />
    <property name="env.VSCODE_INJECTION" value="1" />
    <property name="sun.arch.data.model" value="64" />
    <property name="debuglevel" value="source,lines,vars" />
    <property name="java.vendor.url" value="http://www.azul.com/" />
    <property name="env.USER_ZDOTDIR" value="/Users/yifeikang" />
    <property name="env._CE_CONDA" value="" />
    <property name="sun.boot.library.path" value="/Applications/miniconda3/lib/jvm/lib" />
    <property name="sun.java.command" value="org.apache.tools.ant.taskdefs.optional.junit.JUnitTestRunner org.jsoup.parser.XmlTreeBuilderTest skipNonTests=false filtertrace=true haltOnError=false haltOnFailure=false formatter=org.apache.tools.ant.taskdefs.optional.junit.OutErrSummaryJUnitResultFormatter showoutput=false outputtoformatters=true logfailedtests=true threadid=0 logtestlistenerevents=false formatter=org.apache.tools.ant.taskdefs.optional.junit.XMLJUnitResultFormatter,/Users/yifeikang/Documents/CS427/jsoup/ant-target/reports/TEST-org.jsoup.parser.XmlTreeBuilderTest.xml crashfile=/Users/yifeikang/Documents/CS427/jsoup/junitvmwatcher17655935821120099924.properties propsfile=/Users/yifeikang/Documents/CS427/jsoup/junit15202311796956446868.properties" />
    <property name="jdk.debug" value="release" />
    <property name="env.VSCODE_GIT_ASKPASS_MAIN" value="/Applications/Visual Studio Code.app/Contents/Resources/app/extensions/git/dist/askpass-main.js" />
    <property name="java.specification.vendor" value="Oracle Corporation" />
    <property name="java.version.date" value="2022-04-19" />
    <property name="env.JAVA_HOME" value="/Applications/miniconda3/lib/jvm" />
    <property name="java.home" value="/Applications/miniconda3/lib/jvm" />
    <property name="env.CONDA_PREFIX" value="/Applications/miniconda3" />
    <property name="basedir" value="/Users/yifeikang/Documents/CS427/jsoup" />
    <property name="file.separator" value="/" />
    <property name="java.vm.compressedOopsMode" value="Zero based" />
    <property name="env.GIT_ASKPASS" value="/Applications/Visual Studio Code.app/Contents/Resources/app/extensions/git/dist/askpass.sh" />
    <property name="line.separator" value="&#xa;" />
    <property name="java.vm.specification.vendor" value="Oracle Corporation" />
    <property name="jdk.vendor.version" value="Zulu11.56+19-CA" />
    <property name="java.specification.name" value="Java Platform API Specification" />
    <property name="env.ZDOTDIR" value="/Users/yifeikang" />
    <property name="sun.management.compiler" value="HotSpot 64-Bit Tiered Compilers" />
    <property name="java.runtime.version" value="11.0.15+10-LTS" />
    <property name="env.TERM_PROGRAM_VERSION" value="1.81.1" />
    <property name="user.name" value="yifeikang" />
    <property name="env.PATH" value="/Library/Frameworks/Python.framework/Versions/3.9/bin:/usr/local/bin:/System/Cryptexes/App/usr/bin:/usr/bin:/bin:/usr/sbin:/sbin:/opt/X11/bin:/Library/Apple/usr/bin:/var/run/com.apple.security.cryptexd/codex.system/bootstrap/usr/local/bin:/var/run/com.apple.security.cryptexd/codex.system/bootstrap/usr/bin:/var/run/com.apple.security.cryptexd/codex.system/bootstrap/usr/appleinternal/bin:/Applications/miniconda3/bin:/Applications/miniconda3/condabin:/Library/Frameworks/Python.framework/Versions/3.9/bin" />
    <property name="env.ORIGINAL_XDG_CURRENT_DESKTOP" value="undefined" />
    <property name="env.XPC_FLAGS" value="0x0" />
    <property name="env.LOGNAME" value="yifeikang" />
    <property name="env.__CF_USER_TEXT_ENCODING" value="0x1F5:0x0:0x0" />
    <property name="env.__CFBundleIdentifier" value="com.microsoft.VSCode" />
    <property name="file.encoding" value="UTF-8" />
    <property name="java.vendor.version" value="Zulu11.56+19-CA" />
    <property name="env.SHLVL" value="1" />
    <property name="java.io.tmpdir" value="/var/folders/49/4nvxh5310kgbmbcj24mz13vr0000gn/T/" />
    <property name="env.JAVA_LD_LIBRARY_PATH_BACKUP" value="" />
    <property name="java.version" value="11.0.15" />
    <property name="env.CONDA_DEFAULT_ENV" value="base" />
    <property name="env.SSH_AUTH_SOCK" value="/private/tmp/com.apple.launchd.dkO2DkQn8A/Listeners" />
    <property name="env.JAVA_HOME_CONDA_BACKUP" value="" />
    <property name="env.CONDA_PYTHON_EXE" value="/Applications/miniconda3/bin/python" />
    <property name="java.vm.specification.name" value="Java Virtual Machine Specification" />
    <property name="java.awt.printerjob" value="sun.lwawt.macosx.CPrinterJob" />
    <property name="ant.home" value="/Applications/miniconda3" />
    <property name="sun.os.patch.level" value="unknown" />
    <property name="junit.output.dir" value="ant-target/reports" />
    <property name="ant.version" value="Apache Ant(TM) version 1.10.14 compiled on August 20 2023" />
    <property name="java.library.path" value="/Users/yifeikang/Library/Java/Extensions:/Library/Java/Extensions:/Network/Library/Java/Extensions:/System/Library/Java/Extensions:/usr/lib/java:." />
    <property name="env.TMPDIR" value="/var/folders/49/4nvxh5310kgbmbcj24mz13vr0000gn/T/" />
    <property name="java.vendor" value="Azul Systems, Inc." />
    <property name="ant.file.jsoup" value="/Users/yifeikang/Documents/CS427/jsoup/build.xml" />
    <property name="sun.io.unicode.encoding" value="UnicodeBig" />
    <property name="env.TERM_PROGRAM" value="vscode" />
    <property name="socksNonProxyHosts" value="local|*.local|169.254/16|*.169.254/16" />
    <property name="gopherProxySet" value="false" />
    <property name="ant.file.type" value="file" />
    <property name="env.PWD" value="/Users/yifeikang/Documents/CS427/jsoup" />
    <property name="env.LANG" value="en_US.UTF-8" />
    <property name="java.class.path" value="/Users/yifeikang/Documents/CS427/jsoup/ant-target/test-classes:/Users/yifeikang/Documents/CS427/jsoup/ant-target/classes:/Users/yifeikang/Documents/CS427/jsoup/ant-libs/gson-2.7.jar:/Users/yifeikang/Documents/CS427/jsoup/ant-libs/hamcrest-core-1.3.jar:/Users/yifeikang/Documents/CS427/jsoup/ant-libs/javax.servlet-api-3.1.0.jar:/Users/yifeikang/Documents/CS427/jsoup/ant-libs/jetty-http-9.2.28.v20190418.jar:/Users/yifeikang/Documents/CS427/jsoup/ant-libs/jetty-io-9.2.28.v20190418.jar:/Users/yifeikang/Documents/CS427/jsoup/ant-libs/jetty-security-9.2.28.v20190418.jar:/Users/yifeikang/Documents/CS427/jsoup/ant-libs/jetty-server-9.2.28.v20190418.jar:/Users/yifeikang/Documents/CS427/jsoup/ant-libs/jetty-servlet-9.2.28.v20190418.jar:/Users/yifeikang/Documents/CS427/jsoup/ant-libs/jetty-util-9.2.28.v20190418.jar:/Users/yifeikang/Documents/CS427/jsoup/ant-libs/junit-4.12.jar:/Applications/miniconda3/lib/ant-launcher.jar:/Applications/miniconda3/lib/ant.jar:/Applications/miniconda3/lib/ant-junit.jar:/Applications/miniconda3/lib/ant-junit4.jar" />
    <property name="env.HOME" value="/Users/yifeikang" />
    <property name="source" value="1.8" />
    <property name="env.COMMAND_MODE" value="unix2003" />
    <property name="java.vm.vendor" value="Azul Systems, Inc." />
    <property name="env.CONDA_SHLVL" value="1" />
    <property name="ant.file.type.jsoup" value="file" />
    <property name="user.timezone" value="" />
    <property name="os.name" value="Mac OS X" />
    <property name="java.vm.specification.version" value="11" />
    <property name="env.DISPLAY" value="/private/tmp/com.apple.launchd.ij6DAyiNk3/org.xquartz:0" />
    <property name="sun.java.launcher" value="SUN_STANDARD" />
    <property name="user.country" value="US" />
    <property name="http.nonProxyHosts" value="local|*.local|169.254/16|*.169.254/16" />
    <property name="sun.cpu.endian" value="little" />
    <property name="user.home" value="/Users/yifeikang" />
    <property name="env.XML_CATALOG_FILES" value="file:///Applications/miniconda3/etc/xml/catalog file:///etc/xml/catalog" />
    <property name="user.language" value="en" />
    <property name="env.CONDA_EXE" value="/Applications/miniconda3/bin/conda" />
    <property name="env.VSCODE_GIT_IPC_HANDLE" value="/var/folders/49/4nvxh5310kgbmbcj24mz13vr0000gn/T/vscode-git-5cc81c4328.sock" />
    <property name="env.COLORTERM" value="truecolor" />
    <property name="ant.java.version" value="11" />
    <property name="java.awt.graphicsenv" value="sun.awt.CGraphicsEnvironment" />
    <property name="env.ANT_HOME" value="/Applications/miniconda3" />
    <property name="env.XPC_SERVICE_NAME" value="0" />
    <property name="env.ANT_HOME_CONDA_BACKUP" value="" />
    <property name="ftp.nonProxyHosts" value="local|*.local|169.254/16|*.169.254/16" />
    <property name="env.VSCODE_GIT_ASKPASS_EXTRA_ARGS" value="--ms-enable-electron-run-as-node" />
    <property name="ant.file" value="/Users/yifeikang/Documents/CS427/jsoup/build.xml" />
    <property name="path.separator" value=":" />
    <property name="env.JAVA_MAIN_CLASS_43488" value="org.apache.tools.ant.launch.Launcher" />
    <property name="os.version" value="13.5" />
    <property name="java.runtime.name" value="OpenJDK Runtime Environment" />
    <property name="ant.project.invoked-targets" value="test" />
    <property name="env.CONDA_PROMPT_MODIFIER" value="(base) " />
    <property name="java.vm.name" value="OpenJDK 64-Bit Server VM" />
    <property name="env.SHELL" value="/bin/zsh" />
    <property name="ant.core.lib" value="/Applications/miniconda3/lib/ant.jar" />
    <property name="java.vendor.url.bug" value="http://www.azul.com/support/" />
    <property name="user.dir" value="/Users/yifeikang/Documents/CS427/jsoup" />
    <property name="os.arch" value="x86_64" />
    <property name="env.MallocNanoZone" value="0" />
    <property name="target" value="1.8" />
    <property name="env.VSCODE_GIT_ASKPASS_NODE" value="/Applications/Visual Studio Code.app/Contents/Frameworks/Code Helper (Plugin).app/Contents/MacOS/Code Helper (Plugin)" />
    <property name="java.vm.info" value="mixed mode" />
    <property name="java.vm.version" value="11.0.15+10-LTS" />
    <property name="env.JAVA_LD_LIBRARY_PATH" value="/Applications/miniconda3/lib/jvm/lib/server" />
    <property name="env._CE_M" value="" />
    <property name="java.class.version" value="55.0" />
    <property name="env.USER" value="yifeikang" />
    <property name="ant.project.default-target" value="build" />
  </properties>
  <testcase classname="org.jsoup.parser.XmlTreeBuilderTest" name="testPopToClose" time="0.046" />
  <testcase classname="org.jsoup.parser.XmlTreeBuilderTest" name="handlesXmlDeclarationAsDeclaration" time="0.002" />
  <testcase classname="org.jsoup.parser.XmlTreeBuilderTest" name="dropsDuplicateAttributes" time="0.004" />
  <testcase classname="org.jsoup.parser.XmlTreeBuilderTest" name="caseSensitiveDeclaration" time="0.001" />
  <testcase classname="org.jsoup.parser.XmlTreeBuilderTest" name="handlesDodgyXmlDecl" time="0.001" />
  <testcase classname="org.jsoup.parser.XmlTreeBuilderTest" name="handlesLTinScript" time="0.001" />
  <testcase classname="org.jsoup.parser.XmlTreeBuilderTest" name="testSupplyParserToJsoupClass" time="0.0" />
  <testcase classname="org.jsoup.parser.XmlTreeBuilderTest" name="normalizesDiscordantTags" time="0.001" />
  <testcase classname="org.jsoup.parser.XmlTreeBuilderTest" name="testDoesNotForceSelfClosingKnownTags" time="0.007" />
  <testcase classname="org.jsoup.parser.XmlTreeBuilderTest" name="testCommentAndDocType" time="0.0" />
  <testcase classname="org.jsoup.parser.XmlTreeBuilderTest" name="testSimpleXmlParse" time="0.002" />
  <testcase classname="org.jsoup.parser.XmlTreeBuilderTest" name="xmlFragment" time="0.0" />
  <testcase classname="org.jsoup.parser.XmlTreeBuilderTest" name="appendPreservesCaseByDefault" time="0.0" />
  <testcase classname="org.jsoup.parser.XmlTreeBuilderTest" name="testDetectCharsetEncodingDeclaration" time="0.006" />
  <testcase classname="org.jsoup.parser.XmlTreeBuilderTest" name="roundTripsCdata" time="0.001" />
  <testcase classname="org.jsoup.parser.XmlTreeBuilderTest" name="canNormalizeCase" time="0.001" />
  <testcase classname="org.jsoup.parser.XmlTreeBuilderTest" name="cdataPreservesWhiteSpace" time="0.0" />
  <testcase classname="org.jsoup.parser.XmlTreeBuilderTest" name="preservesCaseByDefault" time="0.001" />
  <testcase classname="org.jsoup.parser.XmlTreeBuilderTest" name="testParseDeclarationAttributes" time="0.001" />
  <testcase classname="org.jsoup.parser.XmlTreeBuilderTest" name="testSupplyParserToDataStream" time="0.002" />
  <testcase classname="org.jsoup.parser.XmlTreeBuilderTest" name="xmlParseDefaultsToHtmlOutputSyntax" time="0.001" />
  <testcase classname="org.jsoup.parser.XmlTreeBuilderTest" name="testCreatesValidProlog" time="0.0" />
  <testcase classname="org.jsoup.parser.XmlTreeBuilderTest" name="testDoesHandleEOFInTag" time="0.001" />
  <system-out><![CDATA[]]></system-out>
  <system-err><![CDATA[]]></system-err>
</testsuite>
