<?xml version="1.0" encoding="UTF-8"?>
<testsuite xmlns:xsi="http://www.w3.org/2001/XMLSchema-instance" xsi:noNamespaceSchemaLocation="https://maven.apache.org/surefire/maven-surefire-plugin/xsd/surefire-test-report-3.0.xsd" version="3.0" name="edu.illinois.cs.analysis.CodeGeneratorTest" time="0.314" tests="1" errors="0" skipped="0" failures="1">
  <properties>
    <property name="gopherProxySet" value="false"/>
    <property name="awt.toolkit" value="sun.lwawt.macosx.LWCToolkit"/>
    <property name="java.specification.version" value="11"/>
    <property name="sun.cpu.isalist" value=""/>
    <property name="sun.jnu.encoding" value="UTF-8"/>
    <property name="java.class.path" value="/Users/yifeikang/Documents/CS427/cs427-hw2/target/test-classes:/Users/yifeikang/Documents/CS427/cs427-hw2/target/classes:/Users/yifeikang/.m2/repository/junit/junit/4.11/junit-4.11.jar:/Users/yifeikang/.m2/repository/org/hamcrest/hamcrest-core/1.3/hamcrest-core-1.3.jar:/Users/yifeikang/.m2/repository/com/github/javaparser/javaparser-symbol-solver-core/3.24.10/javaparser-symbol-solver-core-3.24.10.jar:/Users/yifeikang/.m2/repository/com/github/javaparser/javaparser-core/3.24.10/javaparser-core-3.24.10.jar:/Users/yifeikang/.m2/repository/org/javassist/javassist/3.29.2-GA/javassist-3.29.2-GA.jar:/Users/yifeikang/.m2/repository/com/google/guava/guava/31.1-jre/guava-31.1-jre.jar:/Users/yifeikang/.m2/repository/com/google/guava/failureaccess/1.0.1/failureaccess-1.0.1.jar:/Users/yifeikang/.m2/repository/com/google/guava/listenablefuture/9999.0-empty-to-avoid-conflict-with-guava/listenablefuture-9999.0-empty-to-avoid-conflict-with-guava.jar:/Users/yifeikang/.m2/repository/com/google/code/findbugs/jsr305/3.0.2/jsr305-3.0.2.jar:/Users/yifeikang/.m2/repository/org/checkerframework/checker-qual/3.12.0/checker-qual-3.12.0.jar:/Users/yifeikang/.m2/repository/com/google/errorprone/error_prone_annotations/2.11.0/error_prone_annotations-2.11.0.jar:/Users/yifeikang/.m2/repository/com/google/j2objc/j2objc-annotations/1.3/j2objc-annotations-1.3.jar:"/>
    <property name="java.vm.vendor" value="Azul Systems, Inc."/>
    <property name="sun.arch.data.model" value="64"/>
    <property name="java.vendor.url" value="http://www.azul.com/"/>
    <property name="user.timezone" value=""/>
    <property name="java.vm.specification.version" value="11"/>
    <property name="os.name" value="Mac OS X"/>
    <property name="sun.java.launcher" value="SUN_STANDARD"/>
    <property name="user.country" value="US"/>
    <property name="sun.boot.library.path" value="/Applications/miniconda3/lib/jvm/lib"/>
    <property name="sun.java.command" value="/Users/yifeikang/Documents/CS427/cs427-hw2/target/surefire/surefirebooter-20230922204512807_3.jar /Users/yifeikang/Documents/CS427/cs427-hw2/target/surefire 2023-09-22T20-45-12_690-jvmRun1 surefire-20230922204512807_1tmp surefire_0-20230922204512807_2tmp"/>
    <property name="http.nonProxyHosts" value="local|*.local|169.254/16|*.169.254/16"/>
    <property name="jdk.debug" value="release"/>
    <property name="test" value="CodeGeneratorTest"/>
    <property name="surefire.test.class.path" value="/Users/yifeikang/Documents/CS427/cs427-hw2/target/test-classes:/Users/yifeikang/Documents/CS427/cs427-hw2/target/classes:/Users/yifeikang/.m2/repository/junit/junit/4.11/junit-4.11.jar:/Users/yifeikang/.m2/repository/org/hamcrest/hamcrest-core/1.3/hamcrest-core-1.3.jar:/Users/yifeikang/.m2/repository/com/github/javaparser/javaparser-symbol-solver-core/3.24.10/javaparser-symbol-solver-core-3.24.10.jar:/Users/yifeikang/.m2/repository/com/github/javaparser/javaparser-core/3.24.10/javaparser-core-3.24.10.jar:/Users/yifeikang/.m2/repository/org/javassist/javassist/3.29.2-GA/javassist-3.29.2-GA.jar:/Users/yifeikang/.m2/repository/com/google/guava/guava/31.1-jre/guava-31.1-jre.jar:/Users/yifeikang/.m2/repository/com/google/guava/failureaccess/1.0.1/failureaccess-1.0.1.jar:/Users/yifeikang/.m2/repository/com/google/guava/listenablefuture/9999.0-empty-to-avoid-conflict-with-guava/listenablefuture-9999.0-empty-to-avoid-conflict-with-guava.jar:/Users/yifeikang/.m2/repository/com/google/code/findbugs/jsr305/3.0.2/jsr305-3.0.2.jar:/Users/yifeikang/.m2/repository/org/checkerframework/checker-qual/3.12.0/checker-qual-3.12.0.jar:/Users/yifeikang/.m2/repository/com/google/errorprone/error_prone_annotations/2.11.0/error_prone_annotations-2.11.0.jar:/Users/yifeikang/.m2/repository/com/google/j2objc/j2objc-annotations/1.3/j2objc-annotations-1.3.jar:"/>
    <property name="sun.cpu.endian" value="little"/>
    <property name="user.home" value="/Users/yifeikang"/>
    <property name="user.language" value="en"/>
    <property name="java.specification.vendor" value="Oracle Corporation"/>
    <property name="java.version.date" value="2022-04-19"/>
    <property name="java.home" value="/Applications/miniconda3/lib/jvm"/>
    <property name="file.separator" value="/"/>
    <property name="basedir" value="/Users/yifeikang/Documents/CS427/cs427-hw2"/>
    <property name="java.vm.compressedOopsMode" value="Zero based"/>
    <property name="line.separator" value="&#10;"/>
    <property name="java.specification.name" value="Java Platform API Specification"/>
    <property name="java.vm.specification.vendor" value="Oracle Corporation"/>
    <property name="jdk.vendor.version" value="Zulu11.56+19-CA"/>
    <property name="java.awt.graphicsenv" value="sun.awt.CGraphicsEnvironment"/>
    <property name="surefire.real.class.path" value="/Users/yifeikang/Documents/CS427/cs427-hw2/target/surefire/surefirebooter-20230922204512807_3.jar"/>
    <property name="sun.management.compiler" value="HotSpot 64-Bit Tiered Compilers"/>
    <property name="ftp.nonProxyHosts" value="local|*.local|169.254/16|*.169.254/16"/>
    <property name="java.runtime.version" value="11.0.15+10-LTS"/>
    <property name="user.name" value="yifeikang"/>
    <property name="path.separator" value=":"/>
    <property name="os.version" value="13.5.2"/>
    <property name="java.runtime.name" value="OpenJDK Runtime Environment"/>
    <property name="file.encoding" value="UTF-8"/>
    <property name="java.vm.name" value="OpenJDK 64-Bit Server VM"/>
    <property name="java.vendor.version" value="Zulu11.56+19-CA"/>
    <property name="localRepository" value="/Users/yifeikang/.m2/repository"/>
    <property name="java.vendor.url.bug" value="http://www.azul.com/support/"/>
    <property name="java.io.tmpdir" value="/var/folders/49/4nvxh5310kgbmbcj24mz13vr0000gn/T/"/>
    <property name="java.version" value="11.0.15"/>
    <property name="user.dir" value="/Users/yifeikang/Documents/CS427/cs427-hw2"/>
    <property name="os.arch" value="x86_64"/>
    <property name="java.vm.specification.name" value="Java Virtual Machine Specification"/>
    <property name="java.awt.printerjob" value="sun.lwawt.macosx.CPrinterJob"/>
    <property name="sun.os.patch.level" value="unknown"/>
    <property name="java.library.path" value="/Users/yifeikang/Library/Java/Extensions:/Library/Java/Extensions:/Network/Library/Java/Extensions:/System/Library/Java/Extensions:/usr/lib/java:."/>
    <property name="java.vm.info" value="mixed mode"/>
    <property name="java.vendor" value="Azul Systems, Inc."/>
    <property name="java.vm.version" value="11.0.15+10-LTS"/>
    <property name="sun.io.unicode.encoding" value="UnicodeBig"/>
    <property name="java.class.version" value="55.0"/>
    <property name="socksNonProxyHosts" value="local|*.local|169.254/16|*.169.254/16"/>
  </properties>
  <testcase name="testToyProgram" classname="edu.illinois.cs.analysis.CodeGeneratorTest" time="0.274">
    <failure message="expected:&lt;@Override&#10;public String toString() {&#10;    String str = super.toString();&#10;    int len = str.length();&#10;    if (len &gt; 40)&#10;        return &quot;OMITTED&quot;;&#10;    else&#10;        return str;&#10;}&gt; but was:&lt;@Override&#10;public String toString() {&#10;    String str = super.toString();&#10;    int len = str.length();&#10;    if (len &gt; 40) {&#10;        return &quot;OMITTED&quot;;&#10;    } else {&#10;        return str;&#10;    }&#10;}&gt;" type="java.lang.AssertionError"><![CDATA[java.lang.AssertionError: 
expected:<@Override
public String toString() {
    String str = super.toString();
    int len = str.length();
    if (len > 40)
        return "OMITTED";
    else
        return str;
}> but was:<@Override
public String toString() {
    String str = super.toString();
    int len = str.length();
    if (len > 40) {
        return "OMITTED";
    } else {
        return str;
    }
}>
	at org.junit.Assert.fail(Assert.java:88)
	at org.junit.Assert.failNotEquals(Assert.java:743)
	at org.junit.Assert.assertEquals(Assert.java:118)
	at org.junit.Assert.assertEquals(Assert.java:144)
	at edu.illinois.cs.analysis.CodeGeneratorTest.testToyProgram(CodeGeneratorTest.java:38)
	at java.base/jdk.internal.reflect.NativeMethodAccessorImpl.invoke0(Native Method)
	at java.base/jdk.internal.reflect.NativeMethodAccessorImpl.invoke(NativeMethodAccessorImpl.java:62)
	at java.base/jdk.internal.reflect.DelegatingMethodAccessorImpl.invoke(DelegatingMethodAccessorImpl.java:43)
	at java.base/java.lang.reflect.Method.invoke(Method.java:566)
	at org.junit.runners.model.FrameworkMethod$1.runReflectiveCall(FrameworkMethod.java:47)
	at org.junit.internal.runners.model.ReflectiveCallable.run(ReflectiveCallable.java:12)
	at org.junit.runners.model.FrameworkMethod.invokeExplosively(FrameworkMethod.java:44)
	at org.junit.internal.runners.statements.InvokeMethod.evaluate(InvokeMethod.java:17)
	at org.junit.runners.ParentRunner.runLeaf(ParentRunner.java:271)
	at org.junit.runners.BlockJUnit4ClassRunner.runChild(BlockJUnit4ClassRunner.java:70)
	at org.junit.runners.BlockJUnit4ClassRunner.runChild(BlockJUnit4ClassRunner.java:50)
	at org.junit.runners.ParentRunner$3.run(ParentRunner.java:238)
	at org.junit.runners.ParentRunner$1.schedule(ParentRunner.java:63)
	at org.junit.runners.ParentRunner.runChildren(ParentRunner.java:236)
	at org.junit.runners.ParentRunner.access$000(ParentRunner.java:53)
	at org.junit.runners.ParentRunner$2.evaluate(ParentRunner.java:229)
	at org.junit.runners.ParentRunner.run(ParentRunner.java:309)
	at org.apache.maven.surefire.junit4.JUnit4Provider.execute(JUnit4Provider.java:316)
	at org.apache.maven.surefire.junit4.JUnit4Provider.executeWithRerun(JUnit4Provider.java:240)
	at org.apache.maven.surefire.junit4.JUnit4Provider.executeTestSet(JUnit4Provider.java:214)
	at org.apache.maven.surefire.junit4.JUnit4Provider.invoke(JUnit4Provider.java:155)
	at org.apache.maven.surefire.booter.ForkedBooter.runSuitesInProcess(ForkedBooter.java:385)
	at org.apache.maven.surefire.booter.ForkedBooter.execute(ForkedBooter.java:162)
	at org.apache.maven.surefire.booter.ForkedBooter.run(ForkedBooter.java:507)
	at org.apache.maven.surefire.booter.ForkedBooter.main(ForkedBooter.java:495)
]]></failure>
  </testcase>
</testsuite>