<?xml version="1.0" encoding="UTF-8"?>
<testsuite name="org.jsoup.helper.W3CDomTest" tests="6" skipped="0" failures="0" errors="0" timestamp="2023-09-01T20:40:26" hostname="Yifeis-MacBook-Pro.local" time="0.302">
  <properties/>
  <testcase name="simpleConversion" classname="org.jsoup.helper.W3CDomTest" time="0.141"/>
  <testcase name="namespacePreservation" classname="org.jsoup.helper.W3CDomTest" time="0.005"/>
  <testcase name="convertsGoogleLocation" classname="org.jsoup.helper.W3CDomTest" time="0.097"/>
  <testcase name="treatsUndeclaredNamespaceAsLocalName" classname="org.jsoup.helper.W3CDomTest" time="0.001"/>
  <testcase name="handlesInvalidAttributeNames" classname="org.jsoup.helper.W3CDomTest" time="0.001"/>
  <testcase name="convertsGoogle" classname="org.jsoup.helper.W3CDomTest" time="0.055"/>
  <system-out><![CDATA[]]></system-out>
  <system-err><![CDATA[]]></system-err>
</testsuite>
