<?xml version="1.0" encoding="UTF-8"?>
<testsuite name="org.jsoup.parser.TokeniserStateTest" tests="12" skipped="0" failures="0" errors="0" timestamp="2023-09-01T20:40:27" hostname="Yifeis-MacBook-Pro.local" time="0.018">
  <properties/>
  <testcase name="testEndTagOpen" classname="org.jsoup.parser.TokeniserStateTest" time="0.0"/>
  <testcase name="testPublicIdentifiersWithWhitespace" classname="org.jsoup.parser.TokeniserStateTest" time="0.007"/>
  <testcase name="handlesLessInTagThanAsNewTag" classname="org.jsoup.parser.TokeniserStateTest" time="0.001"/>
  <testcase name="testRCDATAEndTagName" classname="org.jsoup.parser.TokeniserStateTest" time="0.0"/>
  <testcase name="testCharacterReferenceInRcdata" classname="org.jsoup.parser.TokeniserStateTest" time="0.0"/>
  <testcase name="testRcdataLessthanSign" classname="org.jsoup.parser.TokeniserStateTest" time="0.0"/>
  <testcase name="ensureSearchArraysAreSorted" classname="org.jsoup.parser.TokeniserStateTest" time="0.001"/>
  <testcase name="testCommentEndCoverage" classname="org.jsoup.parser.TokeniserStateTest" time="0.0"/>
  <testcase name="testBeforeTagName" classname="org.jsoup.parser.TokeniserStateTest" time="0.001"/>
  <testcase name="testPublicAndSystemIdentifiersWithWhitespace" classname="org.jsoup.parser.TokeniserStateTest" time="0.002"/>
  <testcase name="testSystemIdentifiersWithWhitespace" classname="org.jsoup.parser.TokeniserStateTest" time="0.005"/>
  <testcase name="testCommentEndBangCoverage" classname="org.jsoup.parser.TokeniserStateTest" time="0.0"/>
  <system-out><![CDATA[]]></system-out>
  <system-err><![CDATA[]]></system-err>
</testsuite>
