<?xml version="1.0" encoding="UTF-8"?>
<testsuite name="org.jsoup.parser.TokeniserTest" tests="10" skipped="0" failures="0" errors="0" timestamp="2023-09-01T20:40:27" hostname="Yifeis-MacBook-Pro.local" time="0.021">
  <properties/>
  <testcase name="handleLargeComment" classname="org.jsoup.parser.TokeniserTest" time="0.002"/>
  <testcase name="handleLargeCdata" classname="org.jsoup.parser.TokeniserTest" time="0.001"/>
  <testcase name="handleLargeTitle" classname="org.jsoup.parser.TokeniserTest" time="0.002"/>
  <testcase name="bufferUpInAttributeVal" classname="org.jsoup.parser.TokeniserTest" time="0.006"/>
  <testcase name="cp1252EntitiesProduceError" classname="org.jsoup.parser.TokeniserTest" time="0.0"/>
  <testcase name="handleSuperLargeTagNames" classname="org.jsoup.parser.TokeniserTest" time="0.003"/>
  <testcase name="handleSuperLargeAttributeName" classname="org.jsoup.parser.TokeniserTest" time="0.001"/>
  <testcase name="cp1252SubstitutionTable" classname="org.jsoup.parser.TokeniserTest" time="0.001"/>
  <testcase name="cp1252Entities" classname="org.jsoup.parser.TokeniserTest" time="0.001"/>
  <testcase name="handleLargeText" classname="org.jsoup.parser.TokeniserTest" time="0.003"/>
  <system-out><![CDATA[]]></system-out>
  <system-err><![CDATA[]]></system-err>
</testsuite>
