<?xml version="1.0" encoding="UTF-8"?>
<testsuite name="org.jsoup.parser.ParserSettingsTest" tests="3" skipped="0" failures="0" errors="0" timestamp="2023-09-01T20:40:27" hostname="Yifeis-MacBook-Pro.local" time="0.0">
  <properties/>
  <testcase name="attributesCaseNormalization" classname="org.jsoup.parser.ParserSettingsTest" time="0.0"/>
  <testcase name="caseSupport" classname="org.jsoup.parser.ParserSettingsTest" time="0.0"/>
  <testcase name="attributeCaseNormalization" classname="org.jsoup.parser.ParserSettingsTest" time="0.0"/>
  <system-out><![CDATA[]]></system-out>
  <system-err><![CDATA[]]></system-err>
</testsuite>
