<?xml version="1.0" encoding="UTF-8"?>
<testsuite name="org.jsoup.integration.ParseTest" tests="12" skipped="0" failures="0" errors="0" timestamp="2023-09-01T20:40:27" hostname="Yifeis-MacBook-Pro.local" time="0.12">
  <properties/>
  <testcase name="testYahooJp" classname="org.jsoup.integration.ParseTest" time="0.022"/>
  <testcase name="testBaiduVariant" classname="org.jsoup.integration.ParseTest" time="0.003"/>
  <testcase name="testGoogleSearchIpod" classname="org.jsoup.integration.ParseTest" time="0.012"/>
  <testcase name="testBaidu" classname="org.jsoup.integration.ParseTest" time="0.006"/>
  <testcase name="testBinaryThrowsException" classname="org.jsoup.integration.ParseTest" time="0.002"/>
  <testcase name="testSmhBizArticle" classname="org.jsoup.integration.ParseTest" time="0.013"/>
  <testcase name="testYahooArticle" classname="org.jsoup.integration.ParseTest" time="0.015"/>
  <testcase name="testBrokenHtml5CharsetWithASingleDoubleQuote" classname="org.jsoup.integration.ParseTest" time="0.001"/>
  <testcase name="testNytArticle" classname="org.jsoup.integration.ParseTest" time="0.014"/>
  <testcase name="testLowercaseUtf8Charset" classname="org.jsoup.integration.ParseTest" time="0.002"/>
  <testcase name="testNewsHomepage" classname="org.jsoup.integration.ParseTest" time="0.025"/>
  <testcase name="testHtml5Charset" classname="org.jsoup.integration.ParseTest" time="0.004"/>
  <system-out><![CDATA[]]></system-out>
  <system-err><![CDATA[]]></system-err>
</testsuite>
